<?xml version="1.0" encoding="UTF-8"?>
<!-- Generated by org.testng.reporters.JUnitReportReporter -->
<testsuite skipped="0" hostname="DESKTOP-J6VBNPM" name="TestButton01" tests="5" failures="0" timestamp="09 Jun 2017 10:19:31 GMT" time="0.999" errors="0">
  <testcase name="Button1IsSelected" time="0.016" classname="TestButton01"/>
  <testcase name="SubmitButton1" time="0.915" classname="TestButton01"/>
  <testcase name="DisplayLabelButton01" time="0.023" classname="TestButton01"/>
  <testcase name="Button1IsEnable" time="0.020" classname="TestButton01"/>
  <testcase name="Button1IsDisplay" time="0.025" classname="TestButton01"/>
</testsuite> <!-- TestButton01 -->
