<?xml version="1.0" encoding="UTF-8"?>
<!-- Generated by org.testng.reporters.JUnitReportReporter -->
<testsuite skipped="0" hostname="DESKTOP-J6VBNPM" name="TestAge" tests="19" failures="0" timestamp="09 Jun 2017 09:26:43 GMT" time="0.395" errors="0">
  <testcase name="RadioIsEnable_3" time="0.006" classname="TestAge"/>
  <testcase name="DisplayLabelAge_1" time="0.011" classname="TestAge"/>
  <testcase name="RadioIsEnable_1" time="0.013" classname="TestAge"/>
  <testcase name="RadioAgeIsEnable" time="0.001" classname="TestAge"/>
  <testcase name="RadioAgeIsSelected" time="0.015" classname="TestAge"/>
  <testcase name="DisplayLabelAge" time="0.027" classname="TestAge"/>
  <testcase name="RadioClick_2" time="0.046" classname="TestAge"/>
  <testcase name="RadioIsDisplay_1" time="0.017" classname="TestAge"/>
  <testcase name="RadioIsSelected_1" time="0.011" classname="TestAge"/>
  <testcase name="DisplayLabelAge_3" time="0.031" classname="TestAge"/>
  <testcase name="RadioClick_1" time="0.064" classname="TestAge"/>
  <testcase name="DisplayLabelAge_2" time="0.016" classname="TestAge"/>
  <testcase name="RadioIsDisplay_2" time="0.018" classname="TestAge"/>
  <testcase name="RadioIsEnable_2" time="0.012" classname="TestAge"/>
  <testcase name="RadioAgeIsDisplay" time="0.016" classname="TestAge"/>
  <testcase name="RadioClick_3" time="0.042" classname="TestAge"/>
  <testcase name="RadioIsDisplay_3" time="0.018" classname="TestAge"/>
  <testcase name="RadioIsSelected_2" time="0.016" classname="TestAge"/>
  <testcase name="RadioIsSelected_3" time="0.015" classname="TestAge"/>
</testsuite> <!-- TestAge -->
